2023-11-02 23:25:43.148  INFO 14948 --- [restartedMain] com.vuong.app.ProxyClientApplication     : Starting ProxyClientApplication using Java 11.0.15.1 on TRAN-MINH-VUONG with PID 14948 (F:\Project\work\mystery-server\proxy-client\target\classes started by Admin in F:\Project\work\mystery-server)
2023-11-02 23:25:43.150  INFO 14948 --- [restartedMain] com.vuong.app.ProxyClientApplication     : The following 1 profile is active: "dev"
2023-11-02 23:25:43.291  INFO 14948 --- [restartedMain] .e.DevToolsPropertyDefaultsPostProcessor : Devtools property defaults active! Set 'spring.devtools.add-properties' to 'false' to disable
2023-11-02 23:25:43.292  INFO 14948 --- [restartedMain] .e.DevToolsPropertyDefaultsPostProcessor : For additional web related logging consider setting the 'logging.level.web' property to 'DEBUG'
2023-11-02 23:25:44.923  INFO 14948 --- [restartedMain] .s.d.r.c.RepositoryConfigurationDelegate : Multiple Spring Data modules found, entering strict repository configuration mode
2023-11-02 23:25:44.924  INFO 14948 --- [restartedMain] .s.d.r.c.RepositoryConfigurationDelegate : Bootstrapping Spring Data Redis repositories in DEFAULT mode.
2023-11-02 23:25:45.039  INFO 14948 --- [restartedMain] .s.d.r.c.RepositoryConfigurationDelegate : Finished Spring Data repository scanning in 99 ms. Found 0 Redis repository interfaces.
2023-11-02 23:25:45.858  INFO 14948 --- [restartedMain] o.s.b.w.embedded.tomcat.TomcatWebServer  : Tomcat initialized with port(s): 8900 (http)
2023-11-02 23:25:45.900  INFO 14948 --- [restartedMain] o.apache.catalina.core.StandardService   : Starting service [Tomcat]
2023-11-02 23:25:45.900  INFO 14948 --- [restartedMain] org.apache.catalina.core.StandardEngine  : Starting Servlet engine: [Apache Tomcat/9.0.78]
2023-11-02 23:25:46.070  INFO 14948 --- [restartedMain] o.a.c.c.C.[Tomcat].[localhost].[/app]    : Initializing Spring embedded WebApplicationContext
2023-11-02 23:25:46.070  INFO 14948 --- [restartedMain] w.s.c.ServletWebServerApplicationContext : Root WebApplicationContext: initialization completed in 2778 ms
2023-11-02 23:25:46.296  INFO 14948 --- [restartedMain] n.d.b.g.c.a.GrpcClientAutoConfiguration  : Detected grpc-netty-shaded: Creating ShadedNettyChannelFactory + InProcessChannelFactory
2023-11-02 23:25:46.882  WARN 14948 --- [restartedMain] ConfigServletWebServerApplicationContext : Exception encountered during context initialization - cancelling refresh attempt: org.springframework.beans.factory.UnsatisfiedDependencyException: Error creating bean with name 'authController' defined in file [F:\Project\work\mystery-server\proxy-client\target\classes\com\vuong\app\business\auth\controller\AuthController.class]: Unsatisfied dependency expressed through constructor parameter 0; nested exception is org.springframework.beans.factory.UnsatisfiedDependencyException: Error creating bean with name 'authServiceImpl' defined in file [F:\Project\work\mystery-server\proxy-client\target\classes\com\vuong\app\business\auth\service\impl\AuthServiceImpl.class]: Unsatisfied dependency expressed through constructor parameter 1; nested exception is org.springframework.beans.factory.UnsatisfiedDependencyException: Error creating bean with name 'securityConfig' defined in file [F:\Project\work\mystery-server\proxy-client\target\classes\com\vuong\app\config\SecurityConfig.class]: Unsatisfied dependency expressed through constructor parameter 2; nested exception is org.springframework.beans.factory.UnsatisfiedDependencyException: Error creating bean with name 'OAuth2AuthenticationSuccessHandler' defined in file [F:\Project\work\mystery-server\proxy-client\target\classes\com\vuong\app\security\oauth2\OAuth2AuthenticationSuccessHandler.class]: Unsatisfied dependency expressed through constructor parameter 3; nested exception is org.springframework.beans.factory.UnsatisfiedDependencyException: Error creating bean with name 'managerAuthSessionRepositoryImpl' defined in file [F:\Project\work\mystery-server\proxy-client\target\classes\com\vuong\app\redis\repository\impl\ManagerAuthSessionRepositoryImpl.class]: Unsatisfied dependency expressed through constructor parameter 0; nested exception is org.springframework.beans.factory.NoUniqueBeanDefinitionException: No qualifying bean of type 'org.springframework.data.redis.core.RedisTemplate<?, ?>' available: expected single matching bean but found 2: redisTemplate,stringRedisTemplate
2023-11-02 23:25:47.022  INFO 14948 --- [restartedMain] o.apache.catalina.core.StandardService   : Stopping service [Tomcat]
2023-11-02 23:25:47.058  INFO 14948 --- [restartedMain] ConditionEvaluationReportLoggingListener : 

Error starting ApplicationContext. To display the conditions report re-run your application with 'debug' enabled.
2023-11-02 23:25:47.082 ERROR 14948 --- [restartedMain] o.s.b.d.LoggingFailureAnalysisReporter   : 

***************************
APPLICATION FAILED TO START
***************************

Description:

Parameter 0 of constructor in com.vuong.app.redis.repository.impl.ManagerAuthSessionRepositoryImpl required a single bean, but 2 were found:
	- redisTemplate: defined by method 'redisTemplate' in class path resource [com/vuong/app/redis/config/RedisConfig.class]
	- stringRedisTemplate: defined by method 'stringRedisTemplate' in class path resource [org/springframework/boot/autoconfigure/data/redis/RedisAutoConfiguration.class]


Action:

Consider marking one of the beans as @Primary, updating the consumer to accept multiple beans, or using @Qualifier to identify the bean that should be consumed

